# Preference setting overrides
gui_create_pref_key -category {Globals} -key {load_detail_for_funcov} -value_type {bool} -value {false}

# State setting overrides
gui_state_default_create -off -ini
gui_set_state_value -category Globals -key open_list_inside -value true
gui_set_state_value -category Globals -key open_wave_inside -value true
gui_set_state_value -category Globals -key recent_databases -value {{gui_open_db -file sequential_detector_tb.vpd} {gui_open_db -file led_lights_tb.vpd} {gui_open_db -file divider_tb.vpd} {gui_open_db -file cnt10_tb.vpd} {gui_open_db -file vcdplus.vpd}}
gui_set_state_value -category Layout -key child_console_size_x -value 2537
gui_set_state_value -category Layout -key child_console_size_y -value 172
gui_set_state_value -category Layout -key child_data_size_x -value 152
gui_set_state_value -category Layout -key child_data_size_y -value 753
gui_set_state_value -category Layout -key child_hier_col3 -value {-1}
gui_set_state_value -category Layout -key child_hier_colhier -value 204
gui_set_state_value -category Layout -key child_hier_colpd -value 0
gui_set_state_value -category Layout -key child_hier_coltype -value 93
gui_set_state_value -category Layout -key child_hier_size_x -value 284
gui_set_state_value -category Layout -key child_hier_size_y -value 753
gui_set_state_value -category Layout -key child_source_docknewline -value false
gui_set_state_value -category Layout -key child_source_pos_x -value {-2}
gui_set_state_value -category Layout -key child_source_pos_y -value {-17}
gui_set_state_value -category Layout -key child_source_size_x -value 2104
gui_set_state_value -category Layout -key child_source_size_y -value 749
gui_set_state_value -category Layout -key child_wave_colname -value 258
gui_set_state_value -category Layout -key child_wave_colvalue -value 104
gui_set_state_value -category Layout -key child_wave_docknewline -value false
gui_set_state_value -category Layout -key child_wave_left -value 366
gui_set_state_value -category Layout -key child_wave_pos_x -value {-2}
gui_set_state_value -category Layout -key child_wave_pos_y -value {-17}
gui_set_state_value -category Layout -key child_wave_right -value 1728
gui_set_state_value -category Layout -key child_wave_size_x -value 2104
gui_set_state_value -category Layout -key child_wave_size_y -value 749
gui_set_state_value -category Layout -key main_pos_x -value 502
gui_set_state_value -category Layout -key main_pos_y -value 312
gui_set_state_value -category Layout -key main_size_x -value 3039
gui_set_state_value -category Layout -key main_size_y -value 1323
gui_create_state_key -category FindDialog -key m_pMatchCase -value_type bool -value false
gui_create_state_key -category FindDialog -key m_pMatchWord -value_type bool -value false
gui_create_state_key -category FindDialog -key m_pUseCombo -value_type string -value {}
gui_create_state_key -category FindDialog -key m_pWrapAround -value_type bool -value true
gui_create_state_key -category Widget_History -key {dlgSimSetup|m_setupTab|tab pages|SimTab|m_VPDCombo} -value_type string -value inter.vpd
gui_create_state_key -category Widget_History -key {dlgSimSetup|m_setupTab|tab pages|SimTab|m_curDirCombo} -value_type string -value /home/EDA/eda14/03-lab3_logic_simulation/vcs_lab/lab01_adder/sim/vtb/full_adder
gui_create_state_key -category Widget_History -key {dlgSimSetup|m_setupTab|tab pages|SimTab|m_exeCombo} -value_type string -value simv
gui_state_default_create -off

# Begin command logging
gui_open_db -file sequential_detector_tb.vpd
gui_list_expand -id  Hier.1   sequential_detector_tb
gui_list_select -id Hier.1 -current_item_name sequential_detector_tb.u_sequential_detector -current_item_type Scope  -selected  { sequential_detector_tb.u_sequential_detector   }
gui_open_window Wave
gui_list_add -id Wave.1 -from Hier.1 { sequential_detector_tb.u_sequential_detector } -insertionbar
gui_wv_zoom_timerange -id  Wave.1 40 34000
