/usr/icc/auxx/gui/icc/icc_setup.tcl
/usr/icc/auxx/gui/syn/snpsSynProcs.tcl
/usr/icc/auxx/tcllib/lib/tcl8.4/package.tcl
/usr/icc/auxx/gui/syn/layout/pkgIndex.tcl
/usr/icc/auxx/gui/common/setup/pkgIndex.tcl
/usr/icc/auxx/gui/common/timing/pkgIndex.tcl
/usr/icc/auxx/gui/common/highlight/pkgIndex.tcl
/usr/icc/auxx/gui/common/menus/pkgIndex.tcl
/usr/icc/auxx/gui/common/strokes/pkgIndex.tcl
/usr/icc/auxx/gui/common/layout/pkgIndex.tcl
/usr/icc/auxx/gui/common/WindowFrameWork/pkgIndex.tcl
/usr/icc/auxx/gui/common/hierarchy/pkgIndex.tcl
/usr/icc/auxx/gui/common/misc/pkgIndex.tcl
/usr/icc/auxx/gui/common/docBrowser/pkgIndex.tcl
/usr/icc/auxx/gui/common/histogram/pkgIndex.tcl
/usr/icc/auxx/gui/common/fanoutviewer/pkgIndex.tcl
/usr/icc/auxx/gui/common/view/pkgIndex.tcl
/usr/icc/auxx/gui/common/regressionToolkit/pkgIndex.tcl
/usr/icc/auxx/gui/common/table/pkgIndex.tcl
/usr/icc/auxx/gui/common/schematic/pkgIndex.tcl
/usr/icc/auxx/gui/common/dialogs/pkgIndex.tcl
/usr/icc/auxx/gui/common/select/pkgIndex.tcl
/usr/icc/auxx/gui/common/pathinspector/pkgIndex.tcl
/usr/icc/auxx/gui/common/libviewer/pkgIndex.tcl
/usr/icc/auxx/gui/common/tcl-dp/pkgIndex.tcl
/usr/icc/auxx/gui/common/qtcl/pkgIndex.tcl
/usr/icc/auxx/gui/common/opdlg/pkgIndex.tcl
/usr/icc/auxx/gui/common/profiler/pkgIndex.tcl
/usr/icc/auxx/tcllib/snps_tcl/snpsUtils/pkgIndex.tcl
/usr/icc/auxx/tcllib/snps_tcl/snpsTclPro/pkgIndex.tcl
/usr/icc/auxx/tcllib/snps_tcl/snpsTest/pkgIndex.tcl
/usr/icc/auxx/tcllib/snps_tcl/pkgIndex.tcl
/usr/icc/auxx/tcllib/lib/tcl8.4/opt/pkgIndex.tcl
/usr/icc/auxx/tcllib/lib/tcl8.4/reg/pkgIndex.tcl
/usr/icc/auxx/tcllib/lib/tcl8.4/http/pkgIndex.tcl
/usr/icc/auxx/tcllib/lib/tcl8.4/msgcat/pkgIndex.tcl
/usr/icc/auxx/tcllib/lib/tcl8.4/http1.0/pkgIndex.tcl
/usr/icc/auxx/tcllib/lib/tcl8.4/tcltest/pkgIndex.tcl
/usr/icc/auxx/tcllib/lib/tcl8.4/dde/pkgIndex.tcl
/usr/icc/auxx/gui/common/setup/snpsCommonSetup.tcl
/usr/icc/auxx/gui/common/setup/snpsCustomize.tcl
/usr/icc/auxx/gui/common/setup/snpsProcheck.tcl
/usr/icc/auxx/gui/common/qtcl/.synopsys_qtcl.tcl
/usr/icc/auxx/gui/common/highlight/highlight.tcl
/usr/icc/auxx/gui/common/misc/base.tcl
/usr/icc/auxx/gui/common/misc/timing.tcl
/usr/icc/auxx/gui/common/misc/setting.tcl
/usr/icc/auxx/gui/common/docBrowser/docBrowser.tcl
/usr/icc/auxx/tcllib/snps_tcl/snpsUtils/snpsUtils.tcl
/usr/icc/auxx/gui/common/WindowFrameWork/windowFrameWork.tcl
/usr/icc/auxx/gui/common/WindowFrameWork/skipBusyCursorCmdList.tcl
/usr/icc/auxx/gui/common/dialogs/ObjectChooser.tcl
/usr/icc/auxx/gui/common/misc/DialogObjectChooser.tcl
/usr/icc/auxx/gui/common/dialogs/HistBinInformation.tcl
/usr/icc/auxx/gui/common/dialogs/HistBin1Information.tcl
/usr/icc/auxx/gui/common/dialogs/BinsOnlyInformation.tcl
/usr/icc/auxx/gui/common/dialogs/FileChooser.tcl
/usr/icc/auxx/gui/common/dialogs/PathPinSimpleInfo.tcl
/usr/icc/auxx/gui/common/dialogs/PathsBasicInfo.tcl
/usr/icc/auxx/gui/common/dialogs/PathsBasicSimpleInfo.tcl
/usr/icc/auxx/gui/common/dialogs/SlctOperationInfo.tcl
/usr/icc/auxx/gui/common/dialogs/ObjectListInfo.tcl
/usr/icc/auxx/gui/common/dialogs/FanInOutInfo.tcl
/usr/icc/auxx/gui/common/dialogs/NumberOfLevelsChooser.tcl
/usr/icc/auxx/gui/common/dialogs/WindowReuseInfo.tcl
/usr/icc/auxx/gui/common/dialogs/ReportOutputOptionInfo.tcl
/usr/icc/auxx/gui/common/setup/snpsCollections.tcl
/usr/icc/auxx/gui/common/dialogs/CompileLinkDesign.tcl
/usr/icc/auxx/gui/common/histogram/DialogEndpointSlack.tcl
/usr/icc/auxx/gui/common/histogram/DialogPathsSlack.tcl
/usr/icc/auxx/gui/common/histogram/DialogNetCapacitance.tcl
/usr/icc/auxx/gui/common/schematic/DialogPathSchematicFanInOut.tcl
/usr/icc/auxx/gui/common/schematic/DialogPathSchematicAddPaths.tcl
/usr/icc/auxx/gui/common/layout/preferences.tcl
/usr/icc/auxx/tcllib/lib/tk8.4/tk.tcl
/usr/icc/auxx/tcllib/lib/tcl8.4/msgcat/msgcat.tcl
/usr/icc/auxx/tcllib/lib/tk8.4/button.tcl
/usr/icc/auxx/tcllib/lib/tk8.4/entry.tcl
/usr/icc/auxx/tcllib/lib/tk8.4/listbox.tcl
/usr/icc/auxx/tcllib/lib/tk8.4/menu.tcl
/usr/icc/auxx/tcllib/lib/tk8.4/panedwindow.tcl
/usr/icc/auxx/tcllib/lib/tk8.4/scale.tcl
/usr/icc/auxx/tcllib/lib/tk8.4/scrlbar.tcl
/usr/icc/auxx/tcllib/lib/tk8.4/spinbox.tcl
/usr/icc/auxx/tcllib/lib/tk8.4/text.tcl
/usr/icc/auxx/tcllib/lib/tix8.1.4/Init.tcl
/usr/icc/auxx/tcllib/lib/tix8.1.4/Version.tcl
/usr/icc/auxx/tcllib/lib/tix8.1.4/UnixFile.tcl
/usr/icc/auxx/tcllib/lib/tix8.1.4/Tix.tcl
/usr/icc/auxx/tcllib/lib/tix8.1.4/fs.tcl
/usr/icc/auxx/tcllib/lib/tix8.1.4/pref/WmDefault.fsc
/usr/icc/auxx/tcllib/lib/tix8.1.4/pref/pkgIndex.tcl
/usr/icc/auxx/gui/syn/layout/pkgIndex.tcl
/usr/icc/auxx/gui/common/setup/pkgIndex.tcl
/usr/icc/auxx/gui/common/timing/pkgIndex.tcl
/usr/icc/auxx/gui/common/highlight/pkgIndex.tcl
/usr/icc/auxx/gui/common/menus/pkgIndex.tcl
/usr/icc/auxx/gui/common/strokes/pkgIndex.tcl
/usr/icc/auxx/gui/common/layout/pkgIndex.tcl
/usr/icc/auxx/gui/common/WindowFrameWork/pkgIndex.tcl
/usr/icc/auxx/gui/common/hierarchy/pkgIndex.tcl
/usr/icc/auxx/gui/common/misc/pkgIndex.tcl
/usr/icc/auxx/gui/common/docBrowser/pkgIndex.tcl
/usr/icc/auxx/gui/common/histogram/pkgIndex.tcl
/usr/icc/auxx/gui/common/fanoutviewer/pkgIndex.tcl
/usr/icc/auxx/gui/common/view/pkgIndex.tcl
/usr/icc/auxx/gui/common/regressionToolkit/pkgIndex.tcl
/usr/icc/auxx/gui/common/table/pkgIndex.tcl
/usr/icc/auxx/gui/common/schematic/pkgIndex.tcl
/usr/icc/auxx/gui/common/dialogs/pkgIndex.tcl
/usr/icc/auxx/gui/common/select/pkgIndex.tcl
/usr/icc/auxx/gui/common/pathinspector/pkgIndex.tcl
/usr/icc/auxx/gui/common/libviewer/pkgIndex.tcl
/usr/icc/auxx/gui/common/tcl-dp/pkgIndex.tcl
/usr/icc/auxx/gui/common/qtcl/pkgIndex.tcl
/usr/icc/auxx/gui/common/opdlg/pkgIndex.tcl
/usr/icc/auxx/gui/common/profiler/pkgIndex.tcl
/usr/icc/auxx/tcllib/snps_tcl/snpsUtils/pkgIndex.tcl
/usr/icc/auxx/tcllib/snps_tcl/snpsTclPro/pkgIndex.tcl
/usr/icc/auxx/tcllib/snps_tcl/snpsTest/pkgIndex.tcl
/usr/icc/auxx/tcllib/snps_tcl/pkgIndex.tcl
/usr/icc/auxx/tcllib/lib/tcl8.4/opt/pkgIndex.tcl
/usr/icc/auxx/tcllib/lib/tcl8.4/reg/pkgIndex.tcl
/usr/icc/auxx/tcllib/lib/tcl8.4/http/pkgIndex.tcl
/usr/icc/auxx/tcllib/lib/tcl8.4/msgcat/pkgIndex.tcl
/usr/icc/auxx/tcllib/lib/tcl8.4/http1.0/pkgIndex.tcl
/usr/icc/auxx/tcllib/lib/tcl8.4/tcltest/pkgIndex.tcl
/usr/icc/auxx/tcllib/lib/tcl8.4/dde/pkgIndex.tcl
/usr/icc/auxx/tcllib/lib/tix8.1.4/pref/WmDefault.tcl
/usr/icc/auxx/tcllib/lib/tix8.1.4/BtnBox.tcl
/usr/icc/auxx/tcllib/lib/tix8.1.4/Primitiv.tcl
/usr/icc/auxx/tcllib/lib/tix8.1.4/pref/WmDefault.csc
/usr/icc/auxx/tcllib/lib/tix8.1.4/HList.tcl
/usr/icc/auxx/tcllib/lib/tk8.4/unsupported.tcl
/usr/icc/auxx/tcllib/lib/tix8.1.4/Event.tcl
/usr/icc/auxx/tcllib/lib/tix8.1.4/TList.tcl
/usr/icc/auxx/tcllib/lib/tix8.1.4/Grid.tcl
/usr/icc/auxx/tcllib/lib/tix8.1.4/ComboBox.tcl
/usr/icc/auxx/tcllib/lib/tix8.1.4/LabWidg.tcl
/usr/icc/auxx/tcllib/lib/tix8.1.4/Control.tcl
/usr/icc/auxx/tcllib/lib/tix8.1.4/FloatEnt.tcl
/usr/icc/auxx/tcllib/lib/tix8.1.4/LabEntry.tcl
/usr/icc/auxx/tcllib/lib/tix8.1.4/SGrid.tcl
/usr/icc/auxx/tcllib/lib/tix8.1.4/SWidget.tcl
/usr/icc/auxx/tcllib/lib/tix8.1.4/SListBox.tcl
/usr/icc/auxx/gui/common/histogram/base.tcl
/usr/icc/auxx/gui/common/profiler/base.tcl
/usr/icc/auxx/gui/common/schematic/base.tcl
/usr/icc/auxx/gui/common/select/baseInternal.tcl
/usr/icc/auxx/gui/common/schematic/enable.tcl
/usr/icc/auxx/gui/common/schematic/netlist.tcl
/usr/icc/auxx/gui/common/schematic/method.tcl
/usr/icc/auxx/gui/common/misc/createViewType.tcl
/usr/icc/auxx/gui/common/menus/base.tcl
/usr/icc/auxx/gui/common/libviewer/base.tcl
/usr/icc/auxx/gui/common/misc/viewmgr.tcl
/usr/icc/auxx/gui/common/pathinspector/base.tcl
/usr/icc/auxx/gui/common/pathinspector/create_window_and_menu.tcl
/usr/icc/auxx/gui/common/layout/col_srv.tcl
/usr/icc/auxx/gui/common/layout/snpsVM.tcl
/usr/icc/auxx/gui/common/layout/layout.tcl
/usr/icc/auxx/gui/common/layout/snpsLayoutTools.tcl
/usr/icc/auxx/gui/common/layout/layout_layers.tcl
/usr/icc/auxx/gui/common/layout/snpsMM.tcl
/usr/icc/auxx/gui/common/misc/viewporthistory.tcl
/usr/icc/auxx/gui/syn/layout/snpsCellSlackVM.tcl
/usr/icc/auxx/gui/syn/layout/snpsPathsSlackVM.tcl
/usr/icc/auxx/gui/syn/layout/snpsNetCapacitanceVM.tcl
/usr/icc/auxx/gui/syn/layout/snpsClockLTVM.tcl
/usr/icc/auxx/gui/syn/layout/snpsIllegalCellPlacementVM.tcl
/usr/icc/auxx/gui/syn/layout/snpsScanChainVM.tcl
/usr/icc/auxx/gui/syn/layout/snpsVoltageAreaVM.tcl
/usr/icc/auxx/gui/syn/layout/snpsXTalkVM.tcl
/usr/icc/auxx/gui/syn/layout/snpsDeltaDelayVM.tcl
/usr/icc/auxx/gui/syn/layout/snpsNoiseVM.tcl
/usr/icc/auxx/gui/syn/layout/snpsCellDisplacementVM.tcl
/usr/icc/auxx/gui/syn/layout/snpsAreaNetConnectionVM.tcl
/usr/icc/auxx/gui/syn/layout/snpsImportedPathPinsVM.tcl
/usr/icc/auxx/gui/common/fanoutviewer/base.tcl
/usr/icc/auxx/gui/common/hierarchy/base.tcl
/usr/icc/auxx/gui/common/table/table.tcl
/usr/icc/auxx/gui/common/table/table_internal.tcl
/usr/icc/auxx/gui/common/table/table_customize.tcl
/usr/icc/auxx/gui/syn/layout/DialogVMCellSlack.tcl
/usr/icc/auxx/gui/syn/layout/DialogVMNetCapacitance.tcl
/usr/icc/auxx/gui/common/select/DialogSelectFanInOut.tcl
/usr/icc/auxx/gui/icc/hb_setup.tcl
/usr/icc/auxx/gui/icc/nb_setup.tcl
/usr/icc/auxx/gui/common/misc/infotip.tcl
